#
# There is insufficient memory for the Java Runtime Environment to continue.
# Native memory allocation (malloc) failed to allocate 285536 bytes for Chunk::new
# Possible reasons:
#   The system is out of physical RAM or swap space
#   The process is running with CompressedOops enabled, and the Java Heap may be blocking the growth of the native heap
# Possible solutions:
#   Reduce memory load on the system
#   Increase physical memory or swap space
#   Check if swap backing store is full
#   Decrease Java heap size (-Xmx/-Xms)
#   Decrease number of Java threads
#   Decrease Java thread stack sizes (-Xss)
#   Set larger code cache with -XX:ReservedCodeCacheSize=
#   JVM is running with Unscaled Compressed Oops mode in which the Java heap is
#     placed in the first 4GB address space. The Java Heap base address is the
#     maximum limit for the native heap growth. Please use -XX:HeapBaseMinAddress
#     to set the Java Heap base and to place the Java Heap above 4GB virtual address.
# This output file may be truncated or incomplete.
#
#  Out of Memory Error (arena.cpp:191), pid=27628, tid=21268
#
# JRE version: OpenJDK Runtime Environment Temurin-17.0.9+9 (17.0.9+9) (build 17.0.9+9)
# Java VM: OpenJDK 64-Bit Server VM Temurin-17.0.9+9 (17.0.9+9, mixed mode, tiered, compressed oops, compressed class ptrs, parallel gc, windows-amd64)
# No core dump will be written. Minidumps are not enabled by default on client versions of Windows
#

---------------  S U M M A R Y ------------

Command Line: --add-modules=ALL-SYSTEM --add-opens=java.base/java.util=ALL-UNNAMED --add-opens=java.base/java.lang=ALL-UNNAMED --add-opens=java.base/sun.nio.fs=ALL-UNNAMED -Declipse.application=org.eclipse.jdt.ls.core.id1 -Dosgi.bundles.defaultStartLevel=4 -Declipse.product=org.eclipse.jdt.ls.core.product -Djava.import.generatesMetadataFilesAtProjectRoot=false -DDetectVMInstallationsJob.disabled=true -Dfile.encoding=utf8 -XX:+UseParallelGC -XX:GCTimeRatio=4 -XX:AdaptiveSizePolicyWeight=90 -Dsun.zip.disableMemoryMapping=true -Xmx1G -Xms100m -Xlog:disable -javaagent:c:\Users\Shubkash\.vscode\extensions\redhat.java-1.25.1-win32-x64\lombok\lombok-1.18.30.jar -XX:+HeapDumpOnOutOfMemoryError -XX:HeapDumpPath=c:\Users\Shubkash\AppData\Roaming\Code\User\workspaceStorage\70b13f9dbb0c37def9d620d99ce13bc9\redhat.java -Daether.dependencyCollector.impl=bf c:\Users\Shubkash\.vscode\extensions\redhat.java-1.25.1-win32-x64\server\plugins\org.eclipse.equinox.launcher_1.6.600.v20231106-1826.jar -configuration c:\Users\Shubkash\AppData\Roaming\Code\User\globalStorage\redhat.java\1.25.1\config_win -data c:\Users\Shubkash\AppData\Roaming\Code\User\workspaceStorage\70b13f9dbb0c37def9d620d99ce13bc9\redhat.java\jdt_ws --stdio

Host: 11th Gen Intel(R) Core(TM) i5-11400H @ 2.70GHz, 12 cores, 15G,  Windows 11 , 64 bit Build 22621 (10.0.22621.2506)
Time: Sun Jan  7 22:27:40 2024 India Standard Time elapsed time: 0.818479 seconds (0d 0h 0m 0s)

---------------  T H R E A D  ---------------

Current thread (0x00000225e3d95490):  JavaThread "C2 CompilerThread0" daemon [_thread_in_native, id=21268, stack(0x000000fbab200000,0x000000fbab300000)]


Current CompileTask:
C2:    818 1941   !   4       java.lang.String::<init> (843 bytes)

Stack: [0x000000fbab200000,0x000000fbab300000]
Native frames: (J=compiled Java code, j=interpreted, Vv=VM code, C=native code)
V  [jvm.dll+0x67cf49]
V  [jvm.dll+0x83478a]
V  [jvm.dll+0x83624e]
V  [jvm.dll+0x8368b3]
V  [jvm.dll+0x247f1f]
V  [jvm.dll+0xac43c]
V  [jvm.dll+0xaca8c]
V  [jvm.dll+0x2af45f]
V  [jvm.dll+0x5853f7]
V  [jvm.dll+0x222f62]
V  [jvm.dll+0x22334f]
V  [jvm.dll+0x21c476]
V  [jvm.dll+0x2198c1]
V  [jvm.dll+0x1a57cd]
V  [jvm.dll+0x2297ae]
V  [jvm.dll+0x22797c]
V  [jvm.dll+0x7e9877]
V  [jvm.dll+0x7e3c3a]
V  [jvm.dll+0x67be35]
C  [ucrtbase.dll+0x29363]
C  [KERNEL32.DLL+0x1257d]
C  [ntdll.dll+0x5aa58]


---------------  P R O C E S S  ---------------

Threads class SMR info:
_java_thread_list=0x00000225e5fc5bb0, length=18, elements={
0x00000225c8cbb090, 0x00000225deaaa350, 0x00000225deaac5d0, 0x00000225e3d8f280,
0x00000225e3d8fd50, 0x00000225e3d90820, 0x00000225e3d938a0, 0x00000225e3d95490,
0x00000225e3d9c2a0, 0x00000225e3d9d390, 0x00000225e3ec8340, 0x00000225e3f31780,
0x00000225e53d9740, 0x00000225e53f4eb0, 0x00000225e5c79cf0, 0x00000225e5c11e30,
0x00000225e5c59280, 0x00000225e63447b0
}

Java Threads: ( => current thread )
  0x00000225c8cbb090 JavaThread "main" [_thread_blocked, id=10912, stack(0x000000fbaa900000,0x000000fbaaa00000)]
  0x00000225deaaa350 JavaThread "Reference Handler" daemon [_thread_blocked, id=12280, stack(0x000000fbaac00000,0x000000fbaad00000)]
  0x00000225deaac5d0 JavaThread "Finalizer" daemon [_thread_blocked, id=12044, stack(0x000000fbaad00000,0x000000fbaae00000)]
  0x00000225e3d8f280 JavaThread "Signal Dispatcher" daemon [_thread_blocked, id=28512, stack(0x000000fbaae00000,0x000000fbaaf00000)]
  0x00000225e3d8fd50 JavaThread "Attach Listener" daemon [_thread_blocked, id=26020, stack(0x000000fbaaf00000,0x000000fbab000000)]
  0x00000225e3d90820 JavaThread "Service Thread" daemon [_thread_blocked, id=18572, stack(0x000000fbab000000,0x000000fbab100000)]
  0x00000225e3d938a0 JavaThread "Monitor Deflation Thread" daemon [_thread_blocked, id=19524, stack(0x000000fbab100000,0x000000fbab200000)]
=>0x00000225e3d95490 JavaThread "C2 CompilerThread0" daemon [_thread_in_native, id=21268, stack(0x000000fbab200000,0x000000fbab300000)]
  0x00000225e3d9c2a0 JavaThread "C1 CompilerThread0" daemon [_thread_in_native, id=21404, stack(0x000000fbab300000,0x000000fbab400000)]
  0x00000225e3d9d390 JavaThread "Sweeper thread" daemon [_thread_blocked, id=21580, stack(0x000000fbab400000,0x000000fbab500000)]
  0x00000225e3ec8340 JavaThread "Common-Cleaner" daemon [_thread_blocked, id=18864, stack(0x000000fbab500000,0x000000fbab600000)]
  0x00000225e3f31780 JavaThread "C2 CompilerThread1" daemon [_thread_in_native, id=19056, stack(0x000000fbab600000,0x000000fbab700000)]
  0x00000225e53d9740 JavaThread "Notification Thread" daemon [_thread_blocked, id=19188, stack(0x000000fbab700000,0x000000fbab800000)]
  0x00000225e53f4eb0 JavaThread "C2 CompilerThread2" daemon [_thread_in_native, id=23096, stack(0x000000fbab900000,0x000000fbaba00000)]
  0x00000225e5c79cf0 JavaThread "Active Thread: Equinox Container: 41bfe1f9-f8ec-4c91-b410-7577a939cbf5" [_thread_blocked, id=10996, stack(0x000000fbac000000,0x000000fbac100000)]
  0x00000225e5c11e30 JavaThread "Framework Event Dispatcher: Equinox Container: 41bfe1f9-f8ec-4c91-b410-7577a939cbf5" daemon [_thread_blocked, id=24140, stack(0x000000fbac100000,0x000000fbac200000)]
  0x00000225e5c59280 JavaThread "Start Level: Equinox Container: 41bfe1f9-f8ec-4c91-b410-7577a939cbf5" daemon [_thread_in_Java, id=19608, stack(0x000000fbac200000,0x000000fbac300000)]
  0x00000225e63447b0 JavaThread "Bundle File Closer" daemon [_thread_blocked, id=25560, stack(0x000000fbac400000,0x000000fbac500000)]

Other Threads:
  0x00000225c8d6e450 VMThread "VM Thread" [stack: 0x000000fbaab00000,0x000000fbaac00000] [id=7400]
  0x00000225e53d8560 WatcherThread [stack: 0x000000fbab800000,0x000000fbab900000] [id=25376]
  0x00000225c8ccfbb0 GCTaskThread "GC Thread#0" [stack: 0x000000fbaaa00000,0x000000fbaab00000] [id=20104]
  0x00000225e57051f0 GCTaskThread "GC Thread#1" [stack: 0x000000fbaba00000,0x000000fbabb00000] [id=2620]
  0x00000225e59c4810 GCTaskThread "GC Thread#2" [stack: 0x000000fbabb00000,0x000000fbabc00000] [id=25044]
  0x00000225e59c4ad0 GCTaskThread "GC Thread#3" [stack: 0x000000fbabc00000,0x000000fbabd00000] [id=13640]
  0x00000225e59c4d90 GCTaskThread "GC Thread#4" [stack: 0x000000fbabd00000,0x000000fbabe00000] [id=18728]
  0x00000225e59c5860 GCTaskThread "GC Thread#5" [stack: 0x000000fbabe00000,0x000000fbabf00000] [id=15384]
  0x00000225e5925040 GCTaskThread "GC Thread#6" [stack: 0x000000fbabf00000,0x000000fbac000000] [id=1224]
  0x00000225e5e9b020 GCTaskThread "GC Thread#7" [stack: 0x000000fbac300000,0x000000fbac400000] [id=12052]

Threads with active compile tasks:
C2 CompilerThread0      830 1941   !   4       java.lang.String::<init> (843 bytes)
C2 CompilerThread2      831 1969       4       java.util.Properties$LineReader::readLine (584 bytes)

VM state: not at safepoint (normal execution)

VM Mutex/Monitor currently owned by a thread: None

Heap address: 0x00000000c0000000, size: 1024 MB, Compressed Oops mode: 32-bit

CDS archive(s) not mapped
Compressed class space mapped at: 0x0000000100000000-0x0000000140000000, reserved size: 1073741824
Narrow klass base: 0x0000000000000000, Narrow klass shift: 3, Narrow klass range: 0x140000000

GC Precious Log:
 CPUs: 12 total, 12 available
 Memory: 16121M
 Large Page Support: Disabled
 NUMA Support: Disabled
 Compressed Oops: Enabled (32-bit)
 Alignments: Space 512K, Generation 512K, Heap 2M
 Heap Min Capacity: 100M
 Heap Initial Capacity: 100M
 Heap Max Capacity: 1G
 Pre-touch: Disabled
 Parallel Workers: 10

Heap:
 PSYoungGen      total 29696K, used 21418K [0x00000000eab00000, 0x00000000ecc00000, 0x0000000100000000)
  eden space 25600K, 67% used [0x00000000eab00000,0x00000000ebbf0878,0x00000000ec400000)
  from space 4096K, 99% used [0x00000000ec800000,0x00000000ecbfa368,0x00000000ecc00000)
  to   space 4096K, 0% used [0x00000000ec400000,0x00000000ec400000,0x00000000ec800000)
 ParOldGen       total 68608K, used 1498K [0x00000000c0000000, 0x00000000c4300000, 0x00000000eab00000)
  object space 68608K, 2% used [0x00000000c0000000,0x00000000c0176b48,0x00000000c4300000)
 Metaspace       used 15699K, committed 15936K, reserved 1114112K
  class space    used 1583K, committed 1664K, reserved 1048576K

Card table byte_map: [0x00000225dc320000,0x00000225dc530000] _byte_map_base: 0x00000225dbd20000

Marking Bits: (ParMarkBitMap*) 0x00007ffa4770d0b0
 Begin Bits: [0x00000225dc690000, 0x00000225dd690000)
 End Bits:   [0x00000225dd690000, 0x00000225de690000)

Polling page: 0x00000225c8d70000

Metaspace:

Usage:
  Non-class:     13.78 MB used.
      Class:      1.55 MB used.
       Both:     15.33 MB used.

Virtual space:
  Non-class space:       64.00 MB reserved,      13.94 MB ( 22%) committed,  1 nodes.
      Class space:        1.00 GB reserved,       1.62 MB ( <1%) committed,  1 nodes.
             Both:        1.06 GB reserved,      15.56 MB (  1%) committed. 

Chunk freelists:
   Non-Class:  1.98 MB
       Class:  14.38 MB
        Both:  16.36 MB

MaxMetaspaceSize: unlimited
CompressedClassSpaceSize: 1.00 GB
Initial GC threshold: 21.00 MB
Current GC threshold: 21.00 MB
CDS: off
MetaspaceReclaimPolicy: balanced
 - commit_granule_bytes: 65536.
 - commit_granule_words: 8192.
 - virtual_space_node_default_size: 8388608.
 - enlarge_chunks_in_place: 1.
 - new_chunks_are_fully_committed: 0.
 - uncommit_free_chunks: 1.
 - use_allocation_guard: 0.
 - handle_deallocations: 1.


Internal statistics:

num_allocs_failed_limit: 0.
num_arena_births: 98.
num_arena_deaths: 0.
num_vsnodes_births: 2.
num_vsnodes_deaths: 0.
num_space_committed: 249.
num_space_uncommitted: 0.
num_chunks_returned_to_freelist: 0.
num_chunks_taken_from_freelist: 311.
num_chunk_merges: 0.
num_chunk_splits: 199.
num_chunks_enlarged: 149.
num_inconsistent_stats: 0.

CodeHeap 'non-profiled nmethods': size=120000Kb used=885Kb max_used=885Kb free=119114Kb
 bounds [0x00000225d4c10000, 0x00000225d4e80000, 0x00000225dc140000]
CodeHeap 'profiled nmethods': size=120000Kb used=3669Kb max_used=3669Kb free=116330Kb
 bounds [0x00000225cd140000, 0x00000225cd4e0000, 0x00000225d4670000]
CodeHeap 'non-nmethods': size=5760Kb used=1173Kb max_used=1202Kb free=4586Kb
 bounds [0x00000225d4670000, 0x00000225d48e0000, 0x00000225d4c10000]
 total_blobs=2454 nmethods=1995 adapters=373
 compilation: enabled
              stopped_count=0, restarted_count=0
 full_count=0

Compilation events (20 events):
Event: 0.813 Thread 0x00000225e3d9c2a0 nmethod 1954 0x00000225d4ce9e90 code [0x00000225d4cea020, 0x00000225d4cea0f8]
Event: 0.814 Thread 0x00000225e3d9c2a0 1955       3       java.util.jar.Manifest$FastInputStream::fill (38 bytes)
Event: 0.814 Thread 0x00000225e3d9c2a0 nmethod 1955 0x00000225cd4bb010 code [0x00000225cd4bb1c0, 0x00000225cd4bb408]
Event: 0.814 Thread 0x00000225e3d9c2a0 1956       3       jdk.internal.misc.Unsafe::checkOffset (32 bytes)
Event: 0.814 Thread 0x00000225e3d9c2a0 nmethod 1956 0x00000225cd4bb510 code [0x00000225cd4bb6c0, 0x00000225cd4bb928]
Event: 0.814 Thread 0x00000225e53f4eb0 1957       4       java.lang.StringCoding::hasNegatives (25 bytes)
Event: 0.815 Thread 0x00000225e3f31780 1958       4       java.lang.String::newStringUTF8NoRepl (274 bytes)
Event: 0.815 Thread 0x00000225e3d9c2a0 1960       3       java.lang.Long::stringSize (55 bytes)
Event: 0.815 Thread 0x00000225e3d9c2a0 nmethod 1960 0x00000225cd4bba10 code [0x00000225cd4bbbc0, 0x00000225cd4bbe58]
Event: 0.815 Thread 0x00000225e3d9c2a0 1961       3       java.lang.Long::getChars (208 bytes)
Event: 0.815 Thread 0x00000225e3d9c2a0 nmethod 1961 0x00000225cd4bbf10 code [0x00000225cd4bc100, 0x00000225cd4bc718]
Event: 0.816 Thread 0x00000225e3d9c2a0 1962       3       java.lang.String::startsWith (7 bytes)
Event: 0.816 Thread 0x00000225e3d9c2a0 nmethod 1962 0x00000225cd4bca90 code [0x00000225cd4bcc20, 0x00000225cd4bcd68]
Event: 0.816 Thread 0x00000225e53f4eb0 nmethod 1957 0x00000225d4cea190 code [0x00000225d4cea300, 0x00000225d4cea438]
Event: 0.816 Thread 0x00000225e53f4eb0 1959       4       java.util.zip.ZipCoder$UTF8ZipCoder::toString (12 bytes)
Event: 0.816 Thread 0x00000225e3d9c2a0 1963       3       sun.nio.fs.WindowsNativeDispatcher::asNativeBuffer (105 bytes)
Event: 0.817 Thread 0x00000225e3d9c2a0 nmethod 1963 0x00000225cd4bce10 code [0x00000225cd4bd080, 0x00000225cd4bda38]
Event: 0.817 Thread 0x00000225e3d9c2a0 1965   !   3       org.eclipse.osgi.storage.BundleInfo$Generation::getContentType (17 bytes)
Event: 0.817 Thread 0x00000225e3d9c2a0 nmethod 1965 0x00000225cd4bde10 code [0x00000225cd4bdfa0, 0x00000225cd4be198]
Event: 0.817 Thread 0x00000225e3d9c2a0 1964       3       jdk.internal.misc.Unsafe::copyMemory (33 bytes)

GC Heap History (4 events):
Event: 0.397 GC heap before
{Heap before GC invocations=1 (full 0):
 PSYoungGen      total 29696K, used 25600K [0x00000000eab00000, 0x00000000ecc00000, 0x0000000100000000)
  eden space 25600K, 100% used [0x00000000eab00000,0x00000000ec400000,0x00000000ec400000)
  from space 4096K, 0% used [0x00000000ec800000,0x00000000ec800000,0x00000000ecc00000)
  to   space 4096K, 0% used [0x00000000ec400000,0x00000000ec400000,0x00000000ec800000)
 ParOldGen       total 68608K, used 0K [0x00000000c0000000, 0x00000000c4300000, 0x00000000eab00000)
  object space 68608K, 0% used [0x00000000c0000000,0x00000000c0000000,0x00000000c4300000)
 Metaspace       used 10994K, committed 11200K, reserved 1114112K
  class space    used 1099K, committed 1216K, reserved 1048576K
}
Event: 0.401 GC heap after
{Heap after GC invocations=1 (full 0):
 PSYoungGen      total 29696K, used 3172K [0x00000000eab00000, 0x00000000ecc00000, 0x0000000100000000)
  eden space 25600K, 0% used [0x00000000eab00000,0x00000000eab00000,0x00000000ec400000)
  from space 4096K, 77% used [0x00000000ec400000,0x00000000ec7191f0,0x00000000ec800000)
  to   space 4096K, 0% used [0x00000000ec800000,0x00000000ec800000,0x00000000ecc00000)
 ParOldGen       total 68608K, used 16K [0x00000000c0000000, 0x00000000c4300000, 0x00000000eab00000)
  object space 68608K, 0% used [0x00000000c0000000,0x00000000c0004000,0x00000000c4300000)
 Metaspace       used 10994K, committed 11200K, reserved 1114112K
  class space    used 1099K, committed 1216K, reserved 1048576K
}
Event: 0.691 GC heap before
{Heap before GC invocations=2 (full 0):
 PSYoungGen      total 29696K, used 28772K [0x00000000eab00000, 0x00000000ecc00000, 0x0000000100000000)
  eden space 25600K, 100% used [0x00000000eab00000,0x00000000ec400000,0x00000000ec400000)
  from space 4096K, 77% used [0x00000000ec400000,0x00000000ec7191f0,0x00000000ec800000)
  to   space 4096K, 0% used [0x00000000ec800000,0x00000000ec800000,0x00000000ecc00000)
 ParOldGen       total 68608K, used 16K [0x00000000c0000000, 0x00000000c4300000, 0x00000000eab00000)
  object space 68608K, 0% used [0x00000000c0000000,0x00000000c0004000,0x00000000c4300000)
 Metaspace       used 14672K, committed 14912K, reserved 1114112K
  class space    used 1476K, committed 1600K, reserved 1048576K
}
Event: 0.695 GC heap after
{Heap after GC invocations=2 (full 0):
 PSYoungGen      total 29696K, used 4072K [0x00000000eab00000, 0x00000000ecc00000, 0x0000000100000000)
  eden space 25600K, 0% used [0x00000000eab00000,0x00000000eab00000,0x00000000ec400000)
  from space 4096K, 99% used [0x00000000ec800000,0x00000000ecbfa368,0x00000000ecc00000)
  to   space 4096K, 0% used [0x00000000ec400000,0x00000000ec400000,0x00000000ec800000)
 ParOldGen       total 68608K, used 1498K [0x00000000c0000000, 0x00000000c4300000, 0x00000000eab00000)
  object space 68608K, 2% used [0x00000000c0000000,0x00000000c0176b48,0x00000000c4300000)
 Metaspace       used 14672K, committed 14912K, reserved 1114112K
  class space    used 1476K, committed 1600K, reserved 1048576K
}

Dll operation events (9 events):
Event: 0.005 Loaded shared library c:\Users\Shubkash\.vscode\extensions\redhat.java-1.25.1-win32-x64\jre\17.0.9-win32-x86_64\bin\java.dll
Event: 0.081 Loaded shared library c:\Users\Shubkash\.vscode\extensions\redhat.java-1.25.1-win32-x64\jre\17.0.9-win32-x86_64\bin\zip.dll
Event: 0.082 Loaded shared library C:\Users\Shubkash\.vscode\extensions\redhat.java-1.25.1-win32-x64\jre\17.0.9-win32-x86_64\bin\instrument.dll
Event: 0.090 Loaded shared library C:\Users\Shubkash\.vscode\extensions\redhat.java-1.25.1-win32-x64\jre\17.0.9-win32-x86_64\bin\net.dll
Event: 0.091 Loaded shared library C:\Users\Shubkash\.vscode\extensions\redhat.java-1.25.1-win32-x64\jre\17.0.9-win32-x86_64\bin\nio.dll
Event: 0.095 Loaded shared library C:\Users\Shubkash\.vscode\extensions\redhat.java-1.25.1-win32-x64\jre\17.0.9-win32-x86_64\bin\zip.dll
Event: 0.103 Loaded shared library C:\Users\Shubkash\.vscode\extensions\redhat.java-1.25.1-win32-x64\jre\17.0.9-win32-x86_64\bin\jimage.dll
Event: 0.136 Loaded shared library c:\Users\Shubkash\.vscode\extensions\redhat.java-1.25.1-win32-x64\jre\17.0.9-win32-x86_64\bin\verify.dll
Event: 0.638 Loaded shared library C:\Users\Shubkash\AppData\Roaming\Code\User\globalStorage\redhat.java\1.25.1\config_win\org.eclipse.equinox.launcher\org.eclipse.equinox.launcher.win32.win32.x86_64_1.2.800.v20231003-1442\eclipse_11802.dll

Deoptimization events (20 events):
Event: 0.804 Thread 0x00000225e5c59280 DEOPT PACKING pc=0x00000225cd4b13d6 sp=0x000000fbac2fd480
Event: 0.804 Thread 0x00000225e5c59280 DEOPT UNPACKING pc=0x00000225d46ca9e3 sp=0x000000fbac2fc908 mode 0
Event: 0.807 Thread 0x00000225e5c59280 DEOPT PACKING pc=0x00000225cd4b13d6 sp=0x000000fbac2fd480
Event: 0.807 Thread 0x00000225e5c59280 DEOPT UNPACKING pc=0x00000225d46ca9e3 sp=0x000000fbac2fc908 mode 0
Event: 0.811 Thread 0x00000225e5c59280 DEOPT PACKING pc=0x00000225cd4b13d6 sp=0x000000fbac2fd480
Event: 0.811 Thread 0x00000225e5c59280 DEOPT UNPACKING pc=0x00000225d46ca9e3 sp=0x000000fbac2fc908 mode 0
Event: 0.814 Thread 0x00000225e5c59280 DEOPT PACKING pc=0x00000225cd4b13d6 sp=0x000000fbac2fd3f0
Event: 0.814 Thread 0x00000225e5c59280 DEOPT UNPACKING pc=0x00000225d46ca9e3 sp=0x000000fbac2fc878 mode 0
Event: 0.815 Thread 0x00000225e5c59280 DEOPT PACKING pc=0x00000225cd4b13d6 sp=0x000000fbac2fd3f0
Event: 0.815 Thread 0x00000225e5c59280 DEOPT UNPACKING pc=0x00000225d46ca9e3 sp=0x000000fbac2fc878 mode 0
Event: 0.815 Thread 0x00000225e5c59280 DEOPT PACKING pc=0x00000225cd4b13d6 sp=0x000000fbac2fd3f0
Event: 0.815 Thread 0x00000225e5c59280 DEOPT UNPACKING pc=0x00000225d46ca9e3 sp=0x000000fbac2fc878 mode 0
Event: 0.815 Thread 0x00000225e5c59280 DEOPT PACKING pc=0x00000225cd4b13d6 sp=0x000000fbac2fd3f0
Event: 0.815 Thread 0x00000225e5c59280 DEOPT UNPACKING pc=0x00000225d46ca9e3 sp=0x000000fbac2fc878 mode 0
Event: 0.815 Thread 0x00000225e5c59280 DEOPT PACKING pc=0x00000225cd4b13d6 sp=0x000000fbac2fd3f0
Event: 0.815 Thread 0x00000225e5c59280 DEOPT UNPACKING pc=0x00000225d46ca9e3 sp=0x000000fbac2fc878 mode 0
Event: 0.816 Thread 0x00000225e5c59280 Uncommon trap: trap_request=0xffffff45 fr.pc=0x00000225d4c8a304 relative=0x0000000000000164
Event: 0.816 Thread 0x00000225e5c59280 Uncommon trap: reason=unstable_if action=reinterpret pc=0x00000225d4c8a304 method=java.lang.String.startsWith(Ljava/lang/String;I)Z @ 50 c2
Event: 0.816 Thread 0x00000225e5c59280 DEOPT PACKING pc=0x00000225d4c8a304 sp=0x000000fbac2fe3d0
Event: 0.816 Thread 0x00000225e5c59280 DEOPT UNPACKING pc=0x00000225d46c9ea3 sp=0x000000fbac2fe2d8 mode 2

Classes unloaded (0 events):
No events

Classes redefined (0 events):
No events

Internal exceptions (20 events):
Event: 0.351 Thread 0x00000225c8cbb090 Exception <a 'java/lang/ClassNotFoundException'{0x00000000ec0bcb40}: sun/net/www/protocol/c/Handler> (0x00000000ec0bcb40) 
thrown [s\src\hotspot\share\classfile\systemDictionary.cpp, line 256]
Event: 0.351 Thread 0x00000225c8cbb090 Exception <a 'java/lang/ClassNotFoundException'{0x00000000ec0bdce0}: sun/net/www/protocol/c/Handler> (0x00000000ec0bdce0) 
thrown [s\src\hotspot\share\classfile\systemDictionary.cpp, line 256]
Event: 0.355 Thread 0x00000225c8cbb090 Exception <a 'java/io/FileNotFoundException'{0x00000000ec0e48a0}> (0x00000000ec0e48a0) 
thrown [s\src\hotspot\share\prims\jni.cpp, line 516]
Event: 0.369 Thread 0x00000225c8cbb090 Implicit null exception at 0x00000225d4c6affb to 0x00000225d4c6b998
Event: 0.369 Thread 0x00000225c8cbb090 Implicit null exception at 0x00000225d4c5e96c to 0x00000225d4c5eb48
Event: 0.369 Thread 0x00000225c8cbb090 Implicit null exception at 0x00000225d4c65c6c to 0x00000225d4c65e50
Event: 0.369 Thread 0x00000225c8cbb090 Implicit null exception at 0x00000225d4c1b28f to 0x00000225d4c1b305
Event: 0.390 Thread 0x00000225c8cbb090 Exception <a 'java/lang/NoSuchMethodError'{0x00000000ec3aeb00}: 'int java.lang.invoke.DirectMethodHandle$Holder.invokeStaticInit(java.lang.Object, java.lang.Object, java.lang.Object, java.lang.Object)'> (0x00000000ec3aeb00) 
thrown [s\src\hotspot\share\interpreter\linkResolver.cpp, line 759]
Event: 0.391 Thread 0x00000225c8cbb090 Exception <a 'java/lang/NoSuchMethodError'{0x00000000ec3b9170}: 'java.lang.Object java.lang.invoke.DirectMethodHandle$Holder.invokeInterface(java.lang.Object, java.lang.Object)'> (0x00000000ec3b9170) 
thrown [s\src\hotspot\share\interpreter\linkResolver.cpp, line 759]
Event: 0.391 Thread 0x00000225c8cbb090 Exception <a 'java/lang/IncompatibleClassChangeError'{0x00000000ec3bc968}: Found class java.lang.Object, but interface was expected> (0x00000000ec3bc968) 
thrown [s\src\hotspot\share\interpreter\linkResolver.cpp, line 826]
Event: 0.391 Thread 0x00000225c8cbb090 Exception <a 'java/lang/NoSuchMethodError'{0x00000000ec3c0e60}: 'void java.lang.invoke.DirectMethodHandle$Holder.invokeStatic(java.lang.Object, java.lang.Object)'> (0x00000000ec3c0e60) 
thrown [s\src\hotspot\share\interpreter\linkResolver.cpp, line 759]
Event: 0.391 Thread 0x00000225c8cbb090 Exception <a 'java/lang/NoSuchMethodError'{0x00000000ec3c4660}: 'void java.lang.invoke.DirectMethodHandle$Holder.invokeStaticInit(java.lang.Object, java.lang.Object)'> (0x00000000ec3c4660) 
thrown [s\src\hotspot\share\interpreter\linkResolver.cpp, line 759]
Event: 0.392 Thread 0x00000225c8cbb090 Exception <a 'java/lang/NoSuchMethodError'{0x00000000ec3cb9e8}: 'int java.lang.invoke.DirectMethodHandle$Holder.invokeStaticInit(java.lang.Object, java.lang.Object)'> (0x00000000ec3cb9e8) 
thrown [s\src\hotspot\share\interpreter\linkResolver.cpp, line 759]
Event: 0.415 Thread 0x00000225c8cbb090 Exception <a 'java/lang/NoSuchMethodError'{0x00000000eac53b38}: 'void java.lang.invoke.DirectMethodHandle$Holder.invokeSpecial(java.lang.Object, java.lang.Object, java.lang.Object)'> (0x00000000eac53b38) 
thrown [s\src\hotspot\share\interpreter\linkResolver.cpp, line 759]
Event: 0.556 Thread 0x00000225c8cbb090 Exception <a 'java/lang/NoSuchMethodError'{0x00000000eb9a5b08}: 'java.lang.Object java.lang.invoke.DirectMethodHandle$Holder.newInvokeSpecial(java.lang.Object, int, java.lang.Object)'> (0x00000000eb9a5b08) 
thrown [s\src\hotspot\share\interpreter\linkResolver.cpp, line 759]
Event: 0.636 Thread 0x00000225c8cbb090 Exception <a 'java/lang/UnsatisfiedLinkError'{0x00000000ebf42fd0}: 'void org.eclipse.equinox.launcher.JNIBridge._update_splash()'> (0x00000000ebf42fd0) 
thrown [s\src\hotspot\share\prims\nativeLookup.cpp, line 543]
Event: 0.673 Thread 0x00000225e5c59280 Exception <a 'java/lang/NoSuchMethodError'{0x00000000ec2721b0}: 'java.lang.Object java.lang.invoke.DirectMethodHandle$Holder.invokeStaticInit(java.lang.Object)'> (0x00000000ec2721b0) 
thrown [s\src\hotspot\share\interpreter\linkResolver.cpp, line 759]
Event: 0.681 Thread 0x00000225e5c59280 Exception <a 'java/lang/NoSuchMethodError'{0x00000000ec3385d0}: 'java.lang.Object java.lang.invoke.DirectMethodHandle$Holder.newInvokeSpecial(java.lang.Object, java.lang.Object, int, java.lang.Object)'> (0x00000000ec3385d0) 
thrown [s\src\hotspot\share\interpreter\linkResolver.cpp, line 759]
Event: 0.682 Thread 0x00000225e5c59280 Exception <a 'java/lang/NoSuchMethodError'{0x00000000ec33c8b8}: 'java.lang.Object java.lang.invoke.DirectMethodHandle$Holder.invokeSpecial(java.lang.Object, java.lang.Object, java.lang.Object, int, java.lang.Object)'> (0x00000000ec33c8b8) 
thrown [s\src\hotspot\share\interpreter\linkResolver.cpp, line 759]
Event: 0.710 Thread 0x00000225e5c59280 Exception <a 'java/lang/ClassNotFoundException'{0x00000000eacf8570}: sun/util/logging/resources/spi/loggingProvider> (0x00000000eacf8570) 
thrown [s\src\hotspot\share\classfile\systemDictionary.cpp, line 256]

VM Operations (20 events):
Event: 0.543 Executing VM operation: HandshakeAllThreads
Event: 0.543 Executing VM operation: HandshakeAllThreads done
Event: 0.547 Executing VM operation: HandshakeAllThreads
Event: 0.547 Executing VM operation: HandshakeAllThreads done
Event: 0.554 Executing VM operation: HandshakeAllThreads
Event: 0.554 Executing VM operation: HandshakeAllThreads done
Event: 0.585 Executing VM operation: ICBufferFull
Event: 0.585 Executing VM operation: ICBufferFull done
Event: 0.667 Executing VM operation: HandshakeAllThreads
Event: 0.667 Executing VM operation: HandshakeAllThreads done
Event: 0.691 Executing VM operation: ParallelGCFailedAllocation
Event: 0.695 Executing VM operation: ParallelGCFailedAllocation done
Event: 0.699 Executing VM operation: HandshakeAllThreads
Event: 0.699 Executing VM operation: HandshakeAllThreads done
Event: 0.719 Executing VM operation: HandshakeAllThreads
Event: 0.719 Executing VM operation: HandshakeAllThreads done
Event: 0.728 Executing VM operation: HandshakeAllThreads
Event: 0.728 Executing VM operation: HandshakeAllThreads done
Event: 0.734 Executing VM operation: HandshakeAllThreads
Event: 0.734 Executing VM operation: HandshakeAllThreads done

Events (20 events):
Event: 0.727 loading class java/util/stream/Sink$OfInt
Event: 0.727 loading class java/util/function/IntConsumer
Event: 0.727 loading class java/util/function/IntConsumer done
Event: 0.727 loading class java/util/stream/Sink$OfInt done
Event: 0.727 loading class java/util/stream/FindOps$FindSink$OfInt done
Event: 0.727 loading class java/util/OptionalInt
Event: 0.727 loading class java/util/OptionalInt done
Event: 0.728 loading class java/util/stream/IntPipeline$10$1
Event: 0.728 loading class java/util/stream/Sink$ChainedInt
Event: 0.728 loading class java/util/stream/Sink$ChainedInt done
Event: 0.728 loading class java/util/stream/IntPipeline$10$1 done
Event: 0.728 loading class java/lang/StringUTF16$CharsSpliterator
Event: 0.728 loading class java/lang/StringUTF16$CharsSpliterator done
Event: 0.728 loading class java/lang/CharacterData00
Event: 0.728 loading class java/lang/CharacterData00 done
Event: 0.729 loading class java/time/LocalTime$1
Event: 0.729 loading class java/time/LocalTime$1 done
Event: 0.729 loading class java/util/Formattable
Event: 0.729 loading class java/util/Formattable done
Event: 0.795 Thread 0x00000225e63447b0 Thread added: 0x00000225e63447b0


Dynamic libraries:
0x00007ff668f50000 - 0x00007ff668f5e000 	c:\Users\Shubkash\.vscode\extensions\redhat.java-1.25.1-win32-x64\jre\17.0.9-win32-x86_64\bin\java.exe
0x00007ffab0db0000 - 0x00007ffab0fc7000 	C:\Windows\SYSTEM32\ntdll.dll
0x00007ffaaec10000 - 0x00007ffaaecd4000 	C:\Windows\System32\KERNEL32.DLL
0x00007ffaae6e0000 - 0x00007ffaaea86000 	C:\Windows\System32\KERNELBASE.dll
0x00007ffaae5c0000 - 0x00007ffaae6d1000 	C:\Windows\System32\ucrtbase.dll
0x00007ffaa61a0000 - 0x00007ffaa61b7000 	c:\Users\Shubkash\.vscode\extensions\redhat.java-1.25.1-win32-x64\jre\17.0.9-win32-x86_64\bin\jli.dll
0x00007ffaa65e0000 - 0x00007ffaa65fb000 	c:\Users\Shubkash\.vscode\extensions\redhat.java-1.25.1-win32-x64\jre\17.0.9-win32-x86_64\bin\VCRUNTIME140.dll
0x00007ffaaf880000 - 0x00007ffaafa2e000 	C:\Windows\System32\USER32.dll
0x00007ffaae120000 - 0x00007ffaae146000 	C:\Windows\System32\win32u.dll
0x00007ffa93460000 - 0x00007ffa936f3000 	C:\Windows\WinSxS\amd64_microsoft.windows.common-controls_6595b64144ccf1df_6.0.22621.2506_none_270c5ae97388e100\COMCTL32.dll
0x00007ffaafd90000 - 0x00007ffaafdb9000 	C:\Windows\System32\GDI32.dll
0x00007ffab03d0000 - 0x00007ffab0477000 	C:\Windows\System32\msvcrt.dll
0x00007ffaae150000 - 0x00007ffaae268000 	C:\Windows\System32\gdi32full.dll
0x00007ffaae270000 - 0x00007ffaae30a000 	C:\Windows\System32\msvcp_win.dll
0x00007ffaaf280000 - 0x00007ffaaf2b1000 	C:\Windows\System32\IMM32.DLL
0x00007ffaa66e0000 - 0x00007ffaa66ec000 	c:\Users\Shubkash\.vscode\extensions\redhat.java-1.25.1-win32-x64\jre\17.0.9-win32-x86_64\bin\vcruntime140_1.dll
0x00007ffa73190000 - 0x00007ffa7321d000 	c:\Users\Shubkash\.vscode\extensions\redhat.java-1.25.1-win32-x64\jre\17.0.9-win32-x86_64\bin\msvcp140.dll
0x00007ffa46b70000 - 0x00007ffa477d1000 	c:\Users\Shubkash\.vscode\extensions\redhat.java-1.25.1-win32-x64\jre\17.0.9-win32-x86_64\bin\server\jvm.dll
0x00007ffaaeb00000 - 0x00007ffaaebb1000 	C:\Windows\System32\ADVAPI32.dll
0x00007ffaaf7d0000 - 0x00007ffaaf875000 	C:\Windows\System32\sechost.dll
0x00007ffaaf460000 - 0x00007ffaaf577000 	C:\Windows\System32\RPCRT4.dll
0x00007ffaa5a00000 - 0x00007ffaa5a09000 	C:\Windows\SYSTEM32\WSOCK32.dll
0x00007ffaa4710000 - 0x00007ffaa4744000 	C:\Windows\SYSTEM32\WINMM.dll
0x00007ffaacf70000 - 0x00007ffaacfbd000 	C:\Windows\SYSTEM32\POWRPROF.dll
0x00007ffab0240000 - 0x00007ffab02b1000 	C:\Windows\System32\WS2_32.dll
0x00007ffaa4200000 - 0x00007ffaa420a000 	C:\Windows\SYSTEM32\VERSION.dll
0x00007ffaacf50000 - 0x00007ffaacf63000 	C:\Windows\SYSTEM32\UMPDC.dll
0x00007ffaad1b0000 - 0x00007ffaad1c8000 	C:\Windows\SYSTEM32\kernel.appcore.dll
0x00007ffaa59f0000 - 0x00007ffaa59fa000 	c:\Users\Shubkash\.vscode\extensions\redhat.java-1.25.1-win32-x64\jre\17.0.9-win32-x86_64\bin\jimage.dll
0x00007ffaabbf0000 - 0x00007ffaabe23000 	C:\Windows\SYSTEM32\DBGHELP.DLL
0x00007ffaaed40000 - 0x00007ffaaf0c9000 	C:\Windows\System32\combase.dll
0x00007ffaaf350000 - 0x00007ffaaf427000 	C:\Windows\System32\OLEAUT32.dll
0x00007ffa98920000 - 0x00007ffa98952000 	C:\Windows\SYSTEM32\dbgcore.DLL
0x00007ffaae310000 - 0x00007ffaae38a000 	C:\Windows\System32\bcryptPrimitives.dll
0x00007ffaa49a0000 - 0x00007ffaa49ae000 	c:\Users\Shubkash\.vscode\extensions\redhat.java-1.25.1-win32-x64\jre\17.0.9-win32-x86_64\bin\instrument.dll
0x00007ffa94480000 - 0x00007ffa944a5000 	c:\Users\Shubkash\.vscode\extensions\redhat.java-1.25.1-win32-x64\jre\17.0.9-win32-x86_64\bin\java.dll
0x00007ffa9f950000 - 0x00007ffa9f968000 	c:\Users\Shubkash\.vscode\extensions\redhat.java-1.25.1-win32-x64\jre\17.0.9-win32-x86_64\bin\zip.dll
0x00007ffab0510000 - 0x00007ffab0d6a000 	C:\Windows\System32\SHELL32.dll
0x00007ffaac050000 - 0x00007ffaac946000 	C:\Windows\SYSTEM32\windows.storage.dll
0x00007ffaabf10000 - 0x00007ffaac04e000 	C:\Windows\SYSTEM32\wintypes.dll
0x00007ffab02d0000 - 0x00007ffab03c3000 	C:\Windows\System32\SHCORE.dll
0x00007ffaaece0000 - 0x00007ffaaed3e000 	C:\Windows\System32\shlwapi.dll
0x00007ffaae050000 - 0x00007ffaae076000 	C:\Windows\SYSTEM32\profapi.dll
0x00007ffa99830000 - 0x00007ffa99849000 	C:\Users\Shubkash\.vscode\extensions\redhat.java-1.25.1-win32-x64\jre\17.0.9-win32-x86_64\bin\net.dll
0x00007ffaa64a0000 - 0x00007ffaa65d7000 	C:\Windows\SYSTEM32\WINHTTP.dll
0x00007ffaad690000 - 0x00007ffaad6f9000 	C:\Windows\system32\mswsock.dll
0x00007ffa99480000 - 0x00007ffa99496000 	C:\Users\Shubkash\.vscode\extensions\redhat.java-1.25.1-win32-x64\jre\17.0.9-win32-x86_64\bin\nio.dll
0x00007ffaa4990000 - 0x00007ffaa49a0000 	c:\Users\Shubkash\.vscode\extensions\redhat.java-1.25.1-win32-x64\jre\17.0.9-win32-x86_64\bin\verify.dll
0x00007ffa7af90000 - 0x00007ffa7afce000 	C:\Users\Shubkash\AppData\Roaming\Code\User\globalStorage\redhat.java\1.25.1\config_win\org.eclipse.equinox.launcher\org.eclipse.equinox.launcher.win32.win32.x86_64_1.2.800.v20231003-1442\eclipse_11802.dll
0x00007ffaaf0d0000 - 0x00007ffaaf270000 	C:\Windows\System32\ole32.dll

dbghelp: loaded successfully - version: 4.0.5 - missing functions: none
symbol engine: initialized successfully - sym options: 0x614 - pdb path: .;c:\Users\Shubkash\.vscode\extensions\redhat.java-1.25.1-win32-x64\jre\17.0.9-win32-x86_64\bin;C:\Windows\SYSTEM32;C:\Windows\WinSxS\amd64_microsoft.windows.common-controls_6595b64144ccf1df_6.0.22621.2506_none_270c5ae97388e100;c:\Users\Shubkash\.vscode\extensions\redhat.java-1.25.1-win32-x64\jre\17.0.9-win32-x86_64\bin\server;C:\Users\Shubkash\AppData\Roaming\Code\User\globalStorage\redhat.java\1.25.1\config_win\org.eclipse.equinox.launcher\org.eclipse.equinox.launcher.win32.win32.x86_64_1.2.800.v20231003-1442

VM Arguments:
jvm_args: --add-modules=ALL-SYSTEM --add-opens=java.base/java.util=ALL-UNNAMED --add-opens=java.base/java.lang=ALL-UNNAMED --add-opens=java.base/sun.nio.fs=ALL-UNNAMED -Declipse.application=org.eclipse.jdt.ls.core.id1 -Dosgi.bundles.defaultStartLevel=4 -Declipse.product=org.eclipse.jdt.ls.core.product -Djava.import.generatesMetadataFilesAtProjectRoot=false -DDetectVMInstallationsJob.disabled=true -Dfile.encoding=utf8 -XX:+UseParallelGC -XX:GCTimeRatio=4 -XX:AdaptiveSizePolicyWeight=90 -Dsun.zip.disableMemoryMapping=true -Xmx1G -Xms100m -Xlog:disable -javaagent:c:\Users\Shubkash\.vscode\extensions\redhat.java-1.25.1-win32-x64\lombok\lombok-1.18.30.jar -XX:+HeapDumpOnOutOfMemoryError -XX:HeapDumpPath=c:\Users\Shubkash\AppData\Roaming\Code\User\workspaceStorage\70b13f9dbb0c37def9d620d99ce13bc9\redhat.java -Daether.dependencyCollector.impl=bf 
java_command: c:\Users\Shubkash\.vscode\extensions\redhat.java-1.25.1-win32-x64\server\plugins\org.eclipse.equinox.launcher_1.6.600.v20231106-1826.jar -configuration c:\Users\Shubkash\AppData\Roaming\Code\User\globalStorage\redhat.java\1.25.1\config_win -data c:\Users\Shubkash\AppData\Roaming\Code\User\workspaceStorage\70b13f9dbb0c37def9d620d99ce13bc9\redhat.java\jdt_ws --stdio
java_class_path (initial): c:\Users\Shubkash\.vscode\extensions\redhat.java-1.25.1-win32-x64\server\plugins\org.eclipse.equinox.launcher_1.6.600.v20231106-1826.jar
Launcher Type: SUN_STANDARD

[Global flags]
    uintx AdaptiveSizePolicyWeight                 = 90                                        {product} {command line}
     intx CICompilerCount                          = 4                                         {product} {ergonomic}
    uintx GCTimeRatio                              = 4                                         {product} {command line}
     bool HeapDumpOnOutOfMemoryError               = true                                   {manageable} {command line}
    ccstr HeapDumpPath                             = c:\Users\Shubkash\AppData\Roaming\Code\User\workspaceStorage\70b13f9dbb0c37def9d620d99ce13bc9\redhat.java         {manageable} {command line}
   size_t InitialHeapSize                          = 104857600                                 {product} {command line}
   size_t MaxHeapSize                              = 1073741824                                {product} {command line}
   size_t MaxNewSize                               = 357564416                                 {product} {ergonomic}
   size_t MinHeapDeltaBytes                        = 524288                                    {product} {ergonomic}
   size_t MinHeapSize                              = 104857600                                 {product} {command line}
   size_t NewSize                                  = 34603008                                  {product} {ergonomic}
    uintx NonNMethodCodeHeapSize                   = 5839372                                {pd product} {ergonomic}
    uintx NonProfiledCodeHeapSize                  = 122909434                              {pd product} {ergonomic}
   size_t OldSize                                  = 70254592                                  {product} {ergonomic}
    uintx ProfiledCodeHeapSize                     = 122909434                              {pd product} {ergonomic}
    uintx ReservedCodeCacheSize                    = 251658240                              {pd product} {ergonomic}
     bool SegmentedCodeCache                       = true                                      {product} {ergonomic}
   size_t SoftMaxHeapSize                          = 1073741824                             {manageable} {ergonomic}
     bool UseCompressedClassPointers               = true                           {product lp64_product} {ergonomic}
     bool UseCompressedOops                        = true                           {product lp64_product} {ergonomic}
     bool UseLargePagesIndividualAllocation        = false                                  {pd product} {ergonomic}
     bool UseParallelGC                            = true                                      {product} {command line}

Logging:
Log output configuration:
 #0: stdout all=off uptime,level,tags
 #1: stderr all=off uptime,level,tags

Environment Variables:
PATH=C:\Program Files\Common Files\Oracle\Java\javapath;C:\Program Files (x86)\Common Files\Intel\Shared Libraries\redist\intel64\compiler;C:\Windows\system32;C:\Windows;C:\Windows\System32\Wbem;C:\Windows\System32\WindowsPowerShell\v1.0\;C:\Windows\System32\OpenSSH\;C:\Program Files (x86)\NVIDIA Corporation\PhysX\Common;C:\Program Files\NVIDIA Corporation\NVIDIA NvDLISR;C:\Program Files\nodejs\;C:\Program Files\Git\cmd;C:\Program Files\dotnet\;C:\Users\Shubkash\AppData\Local\Microsoft\WindowsApps;;C:\Users\Shubkash\AppData\Local\Programs\Microsoft VS Code\bin;C:\Users\Shubkash\AppData\Roaming\npm
USERNAME=Shubkash
OS=Windows_NT
PROCESSOR_IDENTIFIER=Intel64 Family 6 Model 141 Stepping 1, GenuineIntel
TMP=C:\Users\Shubkash\AppData\Local\Temp
TEMP=C:\Users\Shubkash\AppData\Local\Temp



Periodic native trim disabled


---------------  S Y S T E M  ---------------

OS:
 Windows 11 , 64 bit Build 22621 (10.0.22621.2506)
OS uptime: 3 days 0:51 hours

CPU: total 12 (initial active 12) (6 cores per cpu, 2 threads per core) family 6 model 141 stepping 1 microcode 0x34, cx8, cmov, fxsr, ht, mmx, 3dnowpref, sse, sse2, sse3, ssse3, sse4.1, sse4.2, popcnt, lzcnt, tsc, tscinvbit, avx, avx2, aes, erms, clmul, bmi1, bmi2, adx, avx512f, avx512dq, avx512cd, avx512bw, avx512vl, sha, fma, vzeroupper, avx512_vpopcntdq, avx512_vpclmulqdq, avx512_vaes, avx512_vnni, clflush, clflushopt, clwb, avx512_vbmi2, avx512_vbmi
Processor Information for all 12 processors :
  Max Mhz: 2688, Current Mhz: 2688, Mhz Limit: 2688

Memory: 4k page, system-wide physical 16121M (7070M free)
TotalPageFile size 65273M (AvailPageFile size 0M)
current process WorkingSet (physical memory assigned to process): 102M, peak: 102M
current process commit charge ("private bytes"): 223M, peak: 223M

vm_info: OpenJDK 64-Bit Server VM (17.0.9+9) for windows-amd64 JRE (17.0.9+9), built on Oct 26 2023 14:01:42 by "admin" with MS VC++ 16.10 / 16.11 (VS2019)

END.
