#
# There is insufficient memory for the Java Runtime Environment to continue.
# Native memory allocation (mmap) failed to map 264241152 bytes for G1 virtual space
# Possible reasons:
#   The system is out of physical RAM or swap space
#   The process is running with CompressedOops enabled, and the Java Heap may be blocking the growth of the native heap
# Possible solutions:
#   Reduce memory load on the system
#   Increase physical memory or swap space
#   Check if swap backing store is full
#   Decrease Java heap size (-Xmx/-Xms)
#   Decrease number of Java threads
#   Decrease Java thread stack sizes (-Xss)
#   Set larger code cache with -XX:ReservedCodeCacheSize=
#   JVM is running with Zero Based Compressed Oops mode in which the Java heap is
#     placed in the first 32GB address space. The Java Heap base address is the
#     maximum limit for the native heap growth. Please use -XX:HeapBaseMinAddress
#     to set the Java Heap base and to place the Java Heap above 32GB virtual address.
# This output file may be truncated or incomplete.
#
#  Out of Memory Error (os_windows.cpp:3552), pid=14180, tid=6680
#
# JRE version:  (17.0.9+11) (build )
# Java VM: Java HotSpot(TM) 64-Bit Server VM (17.0.9+11-LTS-201, mixed mode, sharing, tiered, compressed oops, compressed class ptrs, g1 gc, windows-amd64)
# No core dump will be written. Minidumps are not enabled by default on client versions of Windows
#

---------------  S U M M A R Y ------------

Command Line: class_obj

Host: 11th Gen Intel(R) Core(TM) i5-11400H @ 2.70GHz, 12 cores, 15G,  Windows 11 , 64 bit Build 22621 (10.0.22621.2506)
Time: Sun Jan  7 22:25:41 2024 India Standard Time elapsed time: 0.007473 seconds (0d 0h 0m 0s)

---------------  T H R E A D  ---------------

Current thread (0x000001efe25cfb80):  JavaThread "Unknown thread" [_thread_in_vm, id=6680, stack(0x0000008991c00000,0x0000008991d00000)]

Stack: [0x0000008991c00000,0x0000008991d00000]
Native frames: (J=compiled Java code, j=interpreted, Vv=VM code, C=native code)
V  [jvm.dll+0x678a4a]
V  [jvm.dll+0x7d9cfd]
V  [jvm.dll+0x7db60e]
V  [jvm.dll+0x7dbc73]
V  [jvm.dll+0x245e1f]
V  [jvm.dll+0x6758f9]
V  [jvm.dll+0x66a2a2]
V  [jvm.dll+0x303686]
V  [jvm.dll+0x30ac06]
V  [jvm.dll+0x35a48e]
V  [jvm.dll+0x35a6bf]
V  [jvm.dll+0x2da678]
V  [jvm.dll+0x2db5e4]
V  [jvm.dll+0x7ab6b1]
V  [jvm.dll+0x368041]
V  [jvm.dll+0x78a749]
V  [jvm.dll+0x3ebd4f]
V  [jvm.dll+0x3ed7d1]
C  [jli.dll+0x5297]
C  [ucrtbase.dll+0x29363]
C  [KERNEL32.DLL+0x1257d]
C  [ntdll.dll+0x5aa58]


---------------  P R O C E S S  ---------------

Threads class SMR info:
_java_thread_list=0x00007ff9fc4589d8, length=0, elements={
}

Java Threads: ( => current thread )

Other Threads:
  0x000001efe2634b70 GCTaskThread "GC Thread#0" [stack: 0x0000008991d00000,0x0000008991e00000] [id=15904]
  0x000001efe26455d0 ConcurrentGCThread "G1 Main Marker" [stack: 0x0000008991e00000,0x0000008991f00000] [id=26752]
  0x000001efe2646f00 ConcurrentGCThread "G1 Conc#0" [stack: 0x0000008991f00000,0x0000008992000000] [id=12848]

[error occurred during error reporting (printing all threads), id 0xc0000005, EXCEPTION_ACCESS_VIOLATION (0xc0000005) at pc=0x00007ff9fbc8b2d7]

VM state: not at safepoint (not fully initialized)

VM Mutex/Monitor currently owned by a thread:  ([mutex/lock_event])
[0x000001efe25ca400] Heap_lock - owner thread: 0x000001efe25cfb80

Heap address: 0x0000000704000000, size: 4032 MB, Compressed Oops mode: Zero based, Oop shift amount: 3

CDS archive(s) mapped at: [0x0000000000000000-0x0000000000000000-0x0000000000000000), size 0, SharedBaseAddress: 0x0000000800000000, ArchiveRelocationMode: 1.
Narrow klass base: 0x0000000000000000, Narrow klass shift: 0, Narrow klass range: 0x0

GC Precious Log:
<Empty>

Heap:
 garbage-first heap   total 0K, used 0K [0x0000000704000000, 0x0000000800000000)
  region size 2048K, 0 young (0K), 0 survivors (0K)

[error occurred during error reporting (printing heap information), id 0xc0000005, EXCEPTION_ACCESS_VIOLATION (0xc0000005) at pc=0x00007ff9fc072229]

GC Heap History (0 events):
No events

Deoptimization events (0 events):
No events

Classes unloaded (0 events):
No events

Classes redefined (0 events):
No events

Internal exceptions (0 events):
No events

VM Operations (0 events):
No events

Events (1 events):
Event: 0.004 Loaded shared library C:\Program Files\Java\jdk-17\bin\java.dll


Dynamic libraries:
0x00007ff7a7310000 - 0x00007ff7a7320000 	C:\Program Files\Java\jdk-17\bin\java.exe
0x00007ffab0db0000 - 0x00007ffab0fc7000 	C:\Windows\SYSTEM32\ntdll.dll
0x00007ffaaec10000 - 0x00007ffaaecd4000 	C:\Windows\System32\KERNEL32.DLL
0x00007ffaae6e0000 - 0x00007ffaaea86000 	C:\Windows\System32\KERNELBASE.dll
0x00007ffaae5c0000 - 0x00007ffaae6d1000 	C:\Windows\System32\ucrtbase.dll
0x00007ffa984c0000 - 0x00007ffa984d9000 	C:\Program Files\Java\jdk-17\bin\jli.dll
0x00007ffaa59f0000 - 0x00007ffaa5a0b000 	C:\Program Files\Java\jdk-17\bin\VCRUNTIME140.dll
0x00007ffaaeb00000 - 0x00007ffaaebb1000 	C:\Windows\System32\ADVAPI32.dll
0x00007ffab03d0000 - 0x00007ffab0477000 	C:\Windows\System32\msvcrt.dll
0x00007ffaaf7d0000 - 0x00007ffaaf875000 	C:\Windows\System32\sechost.dll
0x00007ffaaf460000 - 0x00007ffaaf577000 	C:\Windows\System32\RPCRT4.dll
0x00007ffaaf880000 - 0x00007ffaafa2e000 	C:\Windows\System32\USER32.dll
0x00007ffaae120000 - 0x00007ffaae146000 	C:\Windows\System32\win32u.dll
0x00007ffa93460000 - 0x00007ffa936f3000 	C:\Windows\WinSxS\amd64_microsoft.windows.common-controls_6595b64144ccf1df_6.0.22621.2506_none_270c5ae97388e100\COMCTL32.dll
0x00007ffaafd90000 - 0x00007ffaafdb9000 	C:\Windows\System32\GDI32.dll
0x00007ffaae150000 - 0x00007ffaae268000 	C:\Windows\System32\gdi32full.dll
0x00007ffaae270000 - 0x00007ffaae30a000 	C:\Windows\System32\msvcp_win.dll
0x00007ffaa4200000 - 0x00007ffaa420a000 	C:\Windows\SYSTEM32\VERSION.dll
0x00007ffaaf280000 - 0x00007ffaaf2b1000 	C:\Windows\System32\IMM32.DLL
0x00007ffaa66e0000 - 0x00007ffaa66ec000 	C:\Program Files\Java\jdk-17\bin\vcruntime140_1.dll
0x00007ffa8c0a0000 - 0x00007ffa8c12e000 	C:\Program Files\Java\jdk-17\bin\msvcp140.dll
0x00007ff9fb9a0000 - 0x00007ff9fc581000 	C:\Program Files\Java\jdk-17\bin\server\jvm.dll
0x00007ffaafd00000 - 0x00007ffaafd08000 	C:\Windows\System32\PSAPI.DLL
0x00007ffa996e0000 - 0x00007ffa996e9000 	C:\Windows\SYSTEM32\WSOCK32.dll
0x00007ffaa4710000 - 0x00007ffaa4744000 	C:\Windows\SYSTEM32\WINMM.dll
0x00007ffab0240000 - 0x00007ffab02b1000 	C:\Windows\System32\WS2_32.dll
0x00007ffaad1b0000 - 0x00007ffaad1c8000 	C:\Windows\SYSTEM32\kernel.appcore.dll
0x00007ffaa65e0000 - 0x00007ffaa65ea000 	C:\Program Files\Java\jdk-17\bin\jimage.dll
0x00007ffaabbf0000 - 0x00007ffaabe23000 	C:\Windows\SYSTEM32\DBGHELP.DLL
0x00007ffaaed40000 - 0x00007ffaaf0c9000 	C:\Windows\System32\combase.dll
0x00007ffaaf350000 - 0x00007ffaaf427000 	C:\Windows\System32\OLEAUT32.dll
0x00007ffa98920000 - 0x00007ffa98952000 	C:\Windows\SYSTEM32\dbgcore.DLL
0x00007ffaae310000 - 0x00007ffaae38a000 	C:\Windows\System32\bcryptPrimitives.dll
0x00007ffa97780000 - 0x00007ffa977a5000 	C:\Program Files\Java\jdk-17\bin\java.dll

dbghelp: loaded successfully - version: 4.0.5 - missing functions: none
symbol engine: initialized successfully - sym options: 0x614 - pdb path: .;C:\Program Files\Java\jdk-17\bin;C:\Windows\SYSTEM32;C:\Windows\WinSxS\amd64_microsoft.windows.common-controls_6595b64144ccf1df_6.0.22621.2506_none_270c5ae97388e100;C:\Program Files\Java\jdk-17\bin\server

VM Arguments:
java_command: class_obj
java_class_path (initial): .
Launcher Type: SUN_STANDARD

[Global flags]
     intx CICompilerCount                          = 4                                         {product} {ergonomic}
     uint ConcGCThreads                            = 3                                         {product} {ergonomic}
     uint G1ConcRefinementThreads                  = 10                                        {product} {ergonomic}
   size_t G1HeapRegionSize                         = 2097152                                   {product} {ergonomic}
    uintx GCDrainStackTargetSize                   = 64                                        {product} {ergonomic}
   size_t InitialHeapSize                          = 264241152                                 {product} {ergonomic}
   size_t MarkStackSize                            = 4194304                                   {product} {ergonomic}
   size_t MaxHeapSize                              = 4227858432                                {product} {ergonomic}
   size_t MinHeapDeltaBytes                        = 2097152                                   {product} {ergonomic}
   size_t MinHeapSize                              = 8388608                                   {product} {ergonomic}
    uintx NonNMethodCodeHeapSize                   = 5839372                                {pd product} {ergonomic}
    uintx NonProfiledCodeHeapSize                  = 122909434                              {pd product} {ergonomic}
    uintx ProfiledCodeHeapSize                     = 122909434                              {pd product} {ergonomic}
    uintx ReservedCodeCacheSize                    = 251658240                              {pd product} {ergonomic}
     bool SegmentedCodeCache                       = true                                      {product} {ergonomic}
   size_t SoftMaxHeapSize                          = 4227858432                             {manageable} {ergonomic}
     bool UseCompressedClassPointers               = true                           {product lp64_product} {ergonomic}
     bool UseCompressedOops                        = true                           {product lp64_product} {ergonomic}
     bool UseG1GC                                  = true                                      {product} {ergonomic}
     bool UseLargePagesIndividualAllocation        = false                                  {pd product} {ergonomic}

Logging:
Log output configuration:
 #0: stdout all=warning uptime,level,tags
 #1: stderr all=off uptime,level,tags

Environment Variables:
PATH=C:\Program Files\Common Files\Oracle\Java\javapath;C:\Program Files (x86)\Common Files\Intel\Shared Libraries\redist\intel64\compiler;C:\Windows\system32;C:\Windows;C:\Windows\System32\Wbem;C:\Windows\System32\WindowsPowerShell\v1.0\;C:\Windows\System32\OpenSSH\;C:\Program Files (x86)\NVIDIA Corporation\PhysX\Common;C:\Program Files\NVIDIA Corporation\NVIDIA NvDLISR;C:\Program Files\nodejs\;C:\Program Files\Git\cmd;C:\Program Files\dotnet\;C:\Users\Shubkash\AppData\Local\Microsoft\WindowsApps;;C:\Users\Shubkash\AppData\Local\Programs\Microsoft VS Code\bin;C:\Users\Shubkash\AppData\Roaming\npm
USERNAME=Shubkash
LANG=en_US.UTF-8
OS=Windows_NT
PROCESSOR_IDENTIFIER=Intel64 Family 6 Model 141 Stepping 1, GenuineIntel



---------------  S Y S T E M  ---------------

OS:
 Windows 11 , 64 bit Build 22621 (10.0.22621.2506)
OS uptime: 3 days 0:49 hours

CPU: total 12 (initial active 12) (6 cores per cpu, 2 threads per core) family 6 model 141 stepping 1 microcode 0x34, cx8, cmov, fxsr, ht, mmx, 3dnowpref, sse, sse2, sse3, ssse3, sse4.1, sse4.2, popcnt, lzcnt, tsc, tscinvbit, avx, avx2, aes, erms, clmul, bmi1, bmi2, adx, avx512f, avx512dq, avx512cd, avx512bw, avx512vl, sha, fma, vzeroupper, avx512_vpopcntdq, avx512_vpclmulqdq, avx512_vaes, avx512_vnni, clflush, clflushopt, clwb, avx512_vbmi2, avx512_vbmi

Memory: 4k page, system-wide physical 16121M (6849M free)
TotalPageFile size 65182M (AvailPageFile size 144M)
current process WorkingSet (physical memory assigned to process): 11M, peak: 11M
current process commit charge ("private bytes"): 64M, peak: 316M

vm_info: Java HotSpot(TM) 64-Bit Server VM (17.0.9+11-LTS-201) for windows-amd64 JRE (17.0.9+11-LTS-201), built on Oct 10 2023 23:16:06 by "mach5one" with MS VC++ 17.1 (VS2022)

END.
